#
# There is insufficient memory for the Java Runtime Environment to continue.
# Native memory allocation (mmap) failed to map 8388608 bytes for G1 virtual space
# Possible reasons:
#   The system is out of physical RAM or swap space
#   The process is running with CompressedOops enabled, and the Java Heap may be blocking the growth of the native heap
# Possible solutions:
#   Reduce memory load on the system
#   Increase physical memory or swap space
#   Check if swap backing store is full
#   Decrease Java heap size (-Xmx/-Xms)
#   Decrease number of Java threads
#   Decrease Java thread stack sizes (-Xss)
#   Set larger code cache with -XX:ReservedCodeCacheSize=
#   JVM is running with Unscaled Compressed Oops mode in which the Java heap is
#     placed in the first 4GB address space. The Java Heap base address is the
#     maximum limit for the native heap growth. Please use -XX:HeapBaseMinAddress
#     to set the Java Heap base and to place the Java Heap above 4GB virtual address.
# This output file may be truncated or incomplete.
#
#  Out of Memory Error (os_windows.cpp:3466), pid=8128, tid=2316
#
# JRE version:  (16.0+36) (build )
# Java VM: Java HotSpot(TM) 64-Bit Server VM (16+36-2231, mixed mode, sharing, tiered, compressed oops, g1 gc, windows-amd64)
# No core dump will be written. Minidumps are not enabled by default on client versions of Windows
#

---------------  S U M M A R Y ------------

Command Line: -Dapplication.home=C:\Program Files\Java\jdk-16 --add-modules=ALL-DEFAULT -Xms8m -Djdk.module.main=jdk.compiler jdk.compiler/com.sun.tools.javac.Main Output.java

Host: Intel(R) Celeron(R) N4020 CPU @ 1.10GHz, 2 cores, 3G,  Windows 10 , 64 bit Build 21996 (10.0.21996.1)
Time: Thu Jan 20 00:30:12 2022 Pacific Standard Time elapsed time: 0.032892 seconds (0d 0h 0m 0s)

---------------  T H R E A D  ---------------

Current thread (0x000002ec8f948560):  JavaThread "Unknown thread" [_thread_in_vm, id=2316, stack(0x000000fb6f500000,0x000000fb6f600000)]

Stack: [0x000000fb6f500000,0x000000fb6f600000]
Native frames: (J=compiled Java code, j=interpreted, Vv=VM code, C=native code)
V  [jvm.dll+0x6681da]
V  [jvm.dll+0x7c9d99]
V  [jvm.dll+0x7cb4d3]
V  [jvm.dll+0x7cbb33]
V  [jvm.dll+0x242ee5]
V  [jvm.dll+0x664f99]
V  [jvm.dll+0x659b85]
V  [jvm.dll+0x2fbfcb]
V  [jvm.dll+0x3031c6]
V  [jvm.dll+0x352a0e]
V  [jvm.dll+0x352c3f]
V  [jvm.dll+0x2d3038]
V  [jvm.dll+0x2d4274]
V  [jvm.dll+0x79c691]
V  [jvm.dll+0x3607b1]
V  [jvm.dll+0x77a370]
V  [jvm.dll+0x3e501f]
V  [jvm.dll+0x3e6af1]
C  [jli.dll+0x52fb]
C  [ucrtbase.dll+0x26c0c]
C  [KERNEL32.DLL+0x154e0]
C  [ntdll.dll+0x485b]


---------------  P R O C E S S  ---------------

Threads class SMR info:
_java_thread_list=0x00007ffee6bbcbb8, length=0, elements={
}

Java Threads: ( => current thread )

Other Threads:
  0x000002ec8f976040 GCTaskThread "GC Thread#0" [stack: 0x000000fb6f700000,0x000000fb6f800000] [id=12372]
  0x000002ec8f97fbd0 ConcurrentGCThread "G1 Main Marker" [stack: 0x000000fb6f800000,0x000000fb6f900000] [id=3824]
  0x000002ec8f9806c0 ConcurrentGCThread "G1 Conc#0" [stack: 0x000000fb6f900000,0x000000fb6fa00000] [id=7612]

[error occurred during error reporting (printing all threads), id 0xc0000005, EXCEPTION_ACCESS_VIOLATION (0xc0000005) at pc=0x00007ffee6393ef7]

VM state: not at safepoint (not fully initialized)

VM Mutex/Monitor currently owned by a thread:  ([mutex/lock_event])
[0x000002ec8f944120] Heap_lock - owner thread: 0x000002ec8f948560

Heap address: 0x00000000c2e00000, size: 978 MB, Compressed Oops mode: 32-bit
CDS archive(s) mapped at: [0x0000000000000000-0x0000000000000000-0x0000000000000000), size 0, SharedBaseAddress: 0x0000000800000000, ArchiveRelocationMode: 0.
Narrow klass base: 0x0000000000000000, Narrow klass shift: 0, Narrow klass range: 0x0

GC Precious Log:
<Empty>

Heap:
 garbage-first heap   total 0K, used 0K [0x00000000c2e00000, 0x0000000100000000)
  region size 1024K, 0 young (0K), 0 survivors (0K)

[error occurred during error reporting (printing heap information), id 0xc0000005, EXCEPTION_ACCESS_VIOLATION (0xc0000005) at pc=0x00007ffee6771edd]

GC Heap History (0 events):
No events

Deoptimization events (0 events):
No events

Classes unloaded (0 events):
No events

Classes redefined (0 events):
No events

Internal exceptions (0 events):
No events

Events (1 events):
Event: 0.011 Loaded shared library C:\Program Files\Java\jdk-16\bin\java.dll


Dynamic libraries:
0x00007ff73a680000 - 0x00007ff73a688000 	C:\Program Files\Java\jdk-16\bin\javac.exe
0x00007fff36040000 - 0x00007fff36247000 	C:\Windows\SYSTEM32\ntdll.dll
0x00007fff34620000 - 0x00007fff346dd000 	C:\Windows\System32\KERNEL32.DLL
0x00007fff33610000 - 0x00007fff33982000 	C:\Windows\System32\KERNELBASE.dll
0x00007fff33df0000 - 0x00007fff33f01000 	C:\Windows\System32\ucrtbase.dll
0x00007fff2f340000 - 0x00007fff2f358000 	C:\Program Files\Java\jdk-16\bin\jli.dll
0x00007fff35260000 - 0x00007fff3530c000 	C:\Windows\System32\ADVAPI32.dll
0x00007fff34a70000 - 0x00007fff34b13000 	C:\Windows\System32\msvcrt.dll
0x00007fff34560000 - 0x00007fff345fd000 	C:\Windows\System32\sechost.dll
0x00007fff35040000 - 0x00007fff35161000 	C:\Windows\System32\RPCRT4.dll
0x00007fff346e0000 - 0x00007fff3488c000 	C:\Windows\System32\USER32.dll
0x00007fff33560000 - 0x00007fff33586000 	C:\Windows\System32\win32u.dll
0x00007fff34e70000 - 0x00007fff34e99000 	C:\Windows\System32\GDI32.dll
0x00007fff33990000 - 0x00007fff33aa2000 	C:\Windows\System32\gdi32full.dll
0x00007fff33ce0000 - 0x00007fff33d7d000 	C:\Windows\System32\msvcp_win.dll
0x00007fff1e190000 - 0x00007fff1e1a9000 	C:\Program Files\Java\jdk-16\bin\VCRUNTIME140.dll
0x00007fff1d900000 - 0x00007fff1dba5000 	C:\Windows\WinSxS\amd64_microsoft.windows.common-controls_6595b64144ccf1df_6.0.21996.1_none_7d6b053978bcd706\COMCTL32.dll
0x00007fff2a850000 - 0x00007fff2a85a000 	C:\Windows\SYSTEM32\VERSION.dll
0x00007fff34bd0000 - 0x00007fff34c01000 	C:\Windows\System32\IMM32.DLL
0x00007fff2eaa0000 - 0x00007fff2eaac000 	C:\Program Files\Java\jdk-16\bin\vcruntime140_1.dll
0x00007fff102e0000 - 0x00007fff10371000 	C:\Program Files\Java\jdk-16\bin\msvcp140.dll
0x00007ffee60b0000 - 0x00007ffee6c5b000 	C:\Program Files\Java\jdk-16\bin\server\jvm.dll
0x00007fff34ea0000 - 0x00007fff34ea8000 	C:\Windows\System32\PSAPI.DLL
0x00007fff2d3a0000 - 0x00007fff2d3a9000 	C:\Windows\SYSTEM32\WSOCK32.dll
0x00007fff34890000 - 0x00007fff348ff000 	C:\Windows\System32\WS2_32.dll
0x00007fff2cf90000 - 0x00007fff2cfc3000 	C:\Windows\SYSTEM32\WINMM.dll
0x00007fff32690000 - 0x00007fff326a7000 	C:\Windows\SYSTEM32\kernel.appcore.dll
0x00007fff2d0d0000 - 0x00007fff2d0da000 	C:\Program Files\Java\jdk-16\bin\jimage.dll
0x00007fff31290000 - 0x00007fff314b1000 	C:\Windows\SYSTEM32\DBGHELP.DLL
0x00007fff16e90000 - 0x00007fff16ec1000 	C:\Windows\SYSTEM32\dbgcore.DLL
0x00007fff33590000 - 0x00007fff33610000 	C:\Windows\System32\bcryptPrimitives.dll
0x00007fff1e160000 - 0x00007fff1e185000 	C:\Program Files\Java\jdk-16\bin\java.dll

dbghelp: loaded successfully - version: 4.0.5 - missing functions: none
symbol engine: initialized successfully - sym options: 0x614 - pdb path: .;C:\Program Files\Java\jdk-16\bin;C:\Windows\SYSTEM32;C:\Windows\WinSxS\amd64_microsoft.windows.common-controls_6595b64144ccf1df_6.0.21996.1_none_7d6b053978bcd706;C:\Program Files\Java\jdk-16\bin\server

VM Arguments:
jvm_args: -Dapplication.home=C:\Program Files\Java\jdk-16 --add-modules=ALL-DEFAULT -Xms8m -Djdk.module.main=jdk.compiler 
java_command: jdk.compiler/com.sun.tools.javac.Main Output.java
java_class_path (initial): <not set>
Launcher Type: SUN_STANDARD

[Global flags]
     intx CICompilerCount                          = 2                                         {product} {ergonomic}
     uint ConcGCThreads                            = 1                                         {product} {ergonomic}
     uint G1ConcRefinementThreads                  = 2                                         {product} {ergonomic}
   size_t G1HeapRegionSize                         = 1048576                                   {product} {ergonomic}
    uintx GCDrainStackTargetSize                   = 64                                        {product} {ergonomic}
   size_t InitialHeapSize                          = 8388608                                   {product} {command line}
   size_t MarkStackSize                            = 4194304                                   {product} {ergonomic}
   size_t MaxHeapSize                              = 1025507328                                {product} {ergonomic}
   size_t MinHeapDeltaBytes                        = 1048576                                   {product} {ergonomic}
   size_t MinHeapSize                              = 8388608                                   {product} {command line}
    uintx NonNMethodCodeHeapSize                   = 5826188                                {pd product} {ergonomic}
    uintx NonProfiledCodeHeapSize                  = 122916026                              {pd product} {ergonomic}
    uintx ProfiledCodeHeapSize                     = 122916026                              {pd product} {ergonomic}
    uintx ReservedCodeCacheSize                    = 251658240                              {pd product} {ergonomic}
     bool SegmentedCodeCache                       = true                                      {product} {ergonomic}
   size_t SoftMaxHeapSize                          = 1025507328                             {manageable} {ergonomic}
     bool UseCompressedClassPointers               = true                           {product lp64_product} {ergonomic}
     bool UseCompressedOops                        = true                           {product lp64_product} {ergonomic}
     bool UseG1GC                                  = true                                      {product} {ergonomic}
     bool UseLargePagesIndividualAllocation        = false                                  {pd product} {ergonomic}

Logging:
Log output configuration:
 #0: stdout all=warning uptime,level,tags
 #1: stderr all=off uptime,level,tags

Environment Variables:
PATH=C:\Program Files\Common Files\Oracle\Java\javapath;C:\Windows\system32;C:\Windows;C:\Windows\System32\Wbem;C:\Windows\System32\WindowsPowerShell\v1.0\;C:\Windows\System32\OpenSSH\;C:\Program Files\Java\jdk-16\bin;;C:\Program Files\Microsoft VS Code\bin;C:\Users\Miss Eluby Shaba\AppData\Local\Microsoft\WindowsApps;C:\Program Files\Java\jdk-16\bin;
USERNAME=Miss Eluby Shaba
LANG=en_US.UTF-8
OS=Windows_NT
PROCESSOR_IDENTIFIER=Intel64 Family 6 Model 122 Stepping 8, GenuineIntel



---------------  S Y S T E M  ---------------

OS:
 Windows 10 , 64 bit Build 21996 (10.0.21996.1)
OS uptime: 0 days 6:05 hours

CPU: total 2 (initial active 2) (2 cores per cpu, 1 threads per core) family 6 model 122 stepping 8 microcode 0x1a, cx8, cmov, fxsr, mmx, 3dnowpref, sse, sse2, sse3, ssse3, sse4.1, sse4.2, popcnt, tsc, tscinvbit, aes, erms, clmul, sha, clflush, clflushopt

Memory: 4k page, system-wide physical 3911M (771M free)
TotalPageFile size 4550M (AvailPageFile size 8M)
current process WorkingSet (physical memory assigned to process): 10M, peak: 10M
current process commit charge ("private bytes"): 47M, peak: 55M

vm_info: Java HotSpot(TM) 64-Bit Server VM (16+36-2231) for windows-amd64 JRE (16+36-2231), built on Feb  8 2021 11:43:10 by "mach5one" with MS VC++ 16.7 (VS2019)

END.
